#-----------------------------------------------------------
# Vivado v2018.2 (64-bit)
# SW Build 2258646 on Thu Jun 14 20:03:12 MDT 2018
# IP Build 2256618 on Thu Jun 14 22:10:49 MDT 2018
# Start of session at: Mon Jul 24 23:24:13 2023
# Process ID: 20944
# Current directory: C:/project_posit_mult_dsp
# Command line: vivado.exe -gui_launcher_event rodinguilauncherevent14192 C:\project_posit_mult_dsp\project_posit_mult.xpr
# Log file: C:/project_posit_mult_dsp/vivado.log
# Journal file: C:/project_posit_mult_dsp\vivado.jou
#-----------------------------------------------------------
start_gui
open_project C:/project_posit_mult_dsp/project_posit_mult.xpr
Scanning sources...
Finished scanning sources
INFO: [IP_Flow 19-234] Refreshing IP repositories
INFO: [IP_Flow 19-1704] No user IP repositories specified
INFO: [IP_Flow 19-2313] Loaded Vivado IP repository 'C:/Xilinx/Vivado/2018.2/data/ip'.
open_project: Time (s): cpu = 00:00:22 ; elapsed = 00:00:15 . Memory (MB): peak = 876.148 ; gain = 128.680
update_compile_order -fileset sources_1
exit
INFO: [Common 17-206] Exiting Vivado at Mon Jul 24 23:32:20 2023...
